2018-11-24 21:56:15,818-INFO-初始化session
2018-11-24 21:56:24,904-INFO-正在寻找的元素：{'type': 'id', 'value': 'email'}
2018-11-24 21:56:25,174-INFO-输入字符串:wanghao7025@163.com
2018-11-24 21:56:26,216-INFO-正在寻找的元素：{'type': 'id', 'value': 'pwd'}
2018-11-24 21:56:26,332-INFO-输入字符串:wanghao7025
2018-11-24 21:56:27,349-INFO-正在寻找的元素：{'type': 'id', 'value': 'submitBtn'}
2018-11-24 21:56:31,147-INFO-点击元素{'type': 'id', 'value': 'submitBtn'}并等待页面响应完成
2018-11-24 21:56:31,148-INFO-正在寻找的元素：{'type': 'xpath', 'value': '//div[@onclick="showProList(3831123)"]'}
2018-11-24 21:56:35,170-INFO-点击元素{'type': 'xpath', 'value': '//div[@onclick="showProList(3831123)"]'}并等待页面响应完成
2018-11-24 21:56:35,171-INFO-运行case：test_taskcompatible_02
2018-11-24 21:56:37,006-INFO-正在寻找的元素：{'type': 'xpath', 'value': '//*[@id="page-body"]//div[@class="b-footer"]/ul/li[1]'}
2018-11-24 21:56:40,003-INFO-点击元素{'type': 'xpath', 'value': '//*[@id="page-body"]//div[@class="b-footer"]/ul/li[1]'}并等待页面响应完成
2018-11-24 21:56:40,006-INFO-正在寻找的元素：{'type': 'id', 'value': 'uploadApp'}
2018-11-24 21:56:42,114-INFO-点击元素：<selenium.webdriver.remote.webelement.WebElement (session="25c25ee56702e635bf8519ed04c6a15c", element="0.49656150421323675-1")>
2018-11-24 21:56:42,115-INFO-开始断言验证
2018-11-24 21:56:42,118-INFO-正在寻找的元素：{'type': 'xpath', 'value': '//*[@id="filePicker"]/div[1]'}
2018-11-24 21:56:42,138-INFO-[Element: {'type': 'xpath', 'value': '//*[@id="filePicker"]/div[1]'}] Expected <Exists> ,but Actual <Exists>, assert success.
2018-11-24 21:56:42,140-INFO-正在寻找的元素：{'type': 'xpath', 'value': '//*[@id="select_app"]/div/div/div[@class="modal-header"]/button'}
2018-11-24 21:56:44,266-INFO-点击元素：<selenium.webdriver.remote.webelement.WebElement (session="25c25ee56702e635bf8519ed04c6a15c", element="0.49656150421323675-3")>
2018-11-24 21:56:44,270-INFO-运行case：test_realmachine_01
2018-11-24 21:56:46,522-INFO-正在寻找的元素：{'type': 'xpath', 'value': '//ul[@class="nav nav-tabs"]/li[2]/a'}
2018-11-24 21:56:49,032-INFO-点击元素{'type': 'xpath', 'value': '//ul[@class="nav nav-tabs"]/li[2]/a'}并等待页面响应完成
2018-11-24 21:56:49,036-INFO-正在寻找的元素：{'type': 'id', 'value': 'records_button'}
2018-11-24 21:56:50,194-INFO-点击元素{'type': 'id', 'value': 'records_button'}并等待页面响应完成
2018-11-24 21:56:50,203-INFO-开始断言验证
2018-11-24 21:56:50,203-INFO-正在寻找的元素：{'type': 'xpath', 'value': '//div[@class="table-bordered"]/table//tr[2]//td/a'}
2018-11-24 21:56:51,256-INFO-[Element: {'type': 'xpath', 'value': '//div[@class="table-bordered"]/table//tr[2]//td/a'}] Expected <Exists> ,but Actual <Exists>, assert success.
